<?xml version="1.0" encoding="UTF-8"?>
<testsuite name="com.example.kafka.streams.SimpleStreamProcessorTest" tests="3" skipped="0" failures="0" errors="0" timestamp="2025-08-14T04:30:24" hostname="HO-PTUD-HAINH" time="2.309">
  <properties/>
  <testcase name="Should count messages by key correctly" classname="com.example.kafka.streams.SimpleStreamProcessorTest" time="2.069"/>
  <testcase name="Should filter messages not containing 'important'" classname="com.example.kafka.streams.SimpleStreamProcessorTest" time="0.134"/>
  <testcase name="Should convert message values to uppercase" classname="com.example.kafka.streams.SimpleStreamProcessorTest" time="0.104"/>
  <system-out><![CDATA[11:30:24,344 |-INFO in ch.qos.logback.classic.LoggerContext[default] - This is logback-classic version 1.4.11
11:30:24,347 |-INFO in ch.qos.logback.classic.util.ContextInitializer@3f792b9b - No custom configurators were discovered as a service.
11:30:24,347 |-INFO in ch.qos.logback.classic.util.ContextInitializer@3f792b9b - Trying to configure with ch.qos.logback.classic.joran.SerializedModelConfigurator
11:30:24,348 |-INFO in ch.qos.logback.classic.util.ContextInitializer@3f792b9b - Constructed configurator of type class ch.qos.logback.classic.joran.SerializedModelConfigurator
11:30:24,388 |-INFO in ch.qos.logback.classic.LoggerContext[default] - Could NOT find resource [logback-test.scmo]
11:30:24,388 |-INFO in ch.qos.logback.classic.LoggerContext[default] - Could NOT find resource [logback.scmo]
11:30:24,395 |-INFO in ch.qos.logback.classic.util.ContextInitializer@3f792b9b - ch.qos.logback.classic.joran.SerializedModelConfigurator.configure() call lasted 41 milliseconds. ExecutionStatus=INVOKE_NEXT_IF_ANY
11:30:24,395 |-INFO in ch.qos.logback.classic.util.ContextInitializer@3f792b9b - Trying to configure with ch.qos.logback.classic.util.DefaultJoranConfigurator
11:30:24,396 |-INFO in ch.qos.logback.classic.util.ContextInitializer@3f792b9b - Constructed configurator of type class ch.qos.logback.classic.util.DefaultJoranConfigurator
11:30:24,397 |-INFO in ch.qos.logback.classic.LoggerContext[default] - Could NOT find resource [logback-test.xml]
11:30:24,399 |-INFO in ch.qos.logback.classic.LoggerContext[default] - Found resource [logback.xml] at [file:/D:/Java/spring_kafka/kafka-streams-example/build/resources/main/logback.xml]
11:30:25,313 |-INFO in ch.qos.logback.core.model.processor.AppenderModelHandler - Processing appender named [STDOUT]
11:30:25,313 |-INFO in ch.qos.logback.core.model.processor.AppenderModelHandler - About to instantiate appender of type [ch.qos.logback.core.ConsoleAppender]
11:30:25,341 |-WARN in ch.qos.logback.core.ConsoleAppender[STDOUT] - This appender no longer admits a layout as a sub-component, set an encoder instead.
11:30:25,341 |-WARN in ch.qos.logback.core.ConsoleAppender[STDOUT] - To ensure compatibility, wrapping your layout in LayoutWrappingEncoder.
11:30:25,341 |-WARN in ch.qos.logback.core.ConsoleAppender[STDOUT] - See also http://logback.qos.ch/codes.html#layoutInsteadOfEncoder for details
11:30:25,341 |-INFO in ch.qos.logback.core.model.processor.AppenderModelHandler - Processing appender named [FILE]
11:30:25,341 |-INFO in ch.qos.logback.core.model.processor.AppenderModelHandler - About to instantiate appender of type [ch.qos.logback.core.rolling.RollingFileAppender]
11:30:25,356 |-INFO in c.q.l.core.rolling.TimeBasedRollingPolicy@2072130509 - Will use gz compression
11:30:25,357 |-INFO in c.q.l.core.rolling.TimeBasedRollingPolicy@2072130509 - Will use the pattern logs/archived/kafka-streams-example-%d{yyyy-MM-dd}-%i.log for the active file
11:30:25,360 |-INFO in ch.qos.logback.core.rolling.SizeAndTimeBasedFNATP@4b20ca2b - The date pattern is 'yyyy-MM-dd' from file name pattern 'logs/archived/kafka-streams-example-%d{yyyy-MM-dd}-%i.log.gz'.
11:30:25,360 |-INFO in ch.qos.logback.core.rolling.SizeAndTimeBasedFNATP@4b20ca2b - Roll-over at midnight.
11:30:25,362 |-INFO in ch.qos.logback.core.rolling.SizeAndTimeBasedFNATP@4b20ca2b - Setting initial period to 2025-08-12T09:34:57.533Z
11:30:25,362 |-WARN in ch.qos.logback.core.rolling.SizeAndTimeBasedFNATP@4b20ca2b - SizeAndTimeBasedFNATP is deprecated. Use SizeAndTimeBasedRollingPolicy instead
11:30:25,362 |-WARN in ch.qos.logback.core.rolling.SizeAndTimeBasedFNATP@4b20ca2b - For more information see http://logback.qos.ch/manual/appenders.html#SizeAndTimeBasedRollingPolicy
11:30:25,366 |-INFO in ch.qos.logback.core.rolling.RollingFileAppender[FILE] - Active log file name: logs/kafka-streams-example.log
11:30:25,366 |-INFO in ch.qos.logback.core.rolling.RollingFileAppender[FILE] - File property is set to [logs/kafka-streams-example.log]
11:30:25,368 |-INFO in ch.qos.logback.classic.model.processor.RootLoggerModelHandler - Setting level of ROOT logger to INFO
11:30:25,368 |-INFO in ch.qos.logback.core.model.processor.AppenderRefModelHandler - Attaching appender named [STDOUT] to Logger[ROOT]
11:30:25,368 |-INFO in ch.qos.logback.core.model.processor.AppenderRefModelHandler - Attaching appender named [FILE] to Logger[ROOT]
11:30:25,368 |-INFO in ch.qos.logback.core.model.processor.DefaultProcessor@1cbf6e72 - End of configuration.
11:30:25,369 |-INFO in ch.qos.logback.classic.joran.JoranConfigurator@6aecbb8d - Registering current configuration as safe fallback point
11:30:25,369 |-INFO in ch.qos.logback.classic.util.ContextInitializer@3f792b9b - ch.qos.logback.classic.util.DefaultJoranConfigurator.configure() call lasted 973 milliseconds. ExecutionStatus=DO_NOT_INVOKE_NEXT_IF_ANY

14/08/2025 11:30:25.469 [Test worker] WARN  o.a.k.s.p.internals.StateDirectory - Using an OS temp directory in the state.dir property can cause failures with writing the checkpoint file due to the fact that this directory can be cleared by the OS. Resolved state.dir: [C:\Users\hainh\AppData\Local\Temp\\kafka-streams]
14/08/2025 11:30:25.478 [Test worker] ERROR o.a.k.s.p.internals.StateDirectory - Failed to change permissions for the directory C:\Users\hainh\AppData\Local\Temp\kafka-streams
14/08/2025 11:30:25.480 [Test worker] ERROR o.a.k.s.p.internals.StateDirectory - Failed to change permissions for the directory C:\Users\hainh\AppData\Local\Temp\kafka-streams\test-simple-stream-processor-app
14/08/2025 11:30:26.187 [Test worker] INFO  o.a.k.s.s.i.RocksDBTimestampedStore - Opening store counts-store in regular mode
14/08/2025 11:30:26.199 [Test worker] INFO  o.a.k.s.p.i.ProcessorStateManager - topology-test-driver State store counts-store did not find checkpoint offset, hence would default to the starting offset at changelog test-simple-stream-processor-app-counts-store-changelog-0
14/08/2025 11:30:26.199 [Test worker] INFO  o.a.k.s.p.internals.StreamTask - stream-thread [Test worker] task [0_0] Initialized
14/08/2025 11:30:26.220 [Test worker] INFO  o.a.k.s.p.internals.StreamTask - stream-thread [Test worker] task [0_0] Restored and ready to run
14/08/2025 11:30:26.224 [Test worker] INFO  c.e.k.streams.SimpleStreamProcessor - Filtering: Key=keyA, Value=important message one
14/08/2025 11:30:26.224 [Test worker] INFO  c.e.k.streams.SimpleStreamProcessor - Mapping to uppercase: important message one
14/08/2025 11:30:26.277 [Test worker] INFO  c.e.k.streams.SimpleStreamProcessor - Filtering: Key=keyB, Value=another important message
14/08/2025 11:30:26.277 [Test worker] INFO  c.e.k.streams.SimpleStreamProcessor - Mapping to uppercase: another important message
14/08/2025 11:30:26.289 [Test worker] INFO  c.e.k.streams.SimpleStreamProcessor - Filtering: Key=keyA, Value=important message two
14/08/2025 11:30:26.289 [Test worker] INFO  c.e.k.streams.SimpleStreamProcessor - Mapping to uppercase: important message two
14/08/2025 11:30:26.304 [Test worker] INFO  c.e.k.streams.SimpleStreamProcessor - Filtering: Key=keyC, Value=final important message
14/08/2025 11:30:26.304 [Test worker] INFO  c.e.k.streams.SimpleStreamProcessor - Mapping to uppercase: final important message
14/08/2025 11:30:26.316 [Test worker] INFO  c.e.k.streams.SimpleStreamProcessor - Filtering: Key=keyA, Value=important message three
14/08/2025 11:30:26.316 [Test worker] INFO  c.e.k.streams.SimpleStreamProcessor - Mapping to uppercase: important message three
14/08/2025 11:30:26.343 [Test worker] INFO  o.a.k.s.p.internals.StreamTask - stream-thread [Test worker] task [0_0] Suspended from RUNNING
14/08/2025 11:30:26.358 [Test worker] INFO  o.a.k.s.p.i.RecordCollectorImpl - topology-test-driver Closing record collector clean
14/08/2025 11:30:26.359 [Test worker] INFO  o.a.k.s.p.internals.StreamTask - stream-thread [Test worker] task [0_0] Closed clean
14/08/2025 11:30:26.360 [Test worker] INFO  o.a.k.s.p.internals.StateDirectory - stream-thread [Test worker] Deleting task directory 0_0 for 0_0 as user calling cleanup.
14/08/2025 11:30:26.377 [Test worker] WARN  o.a.k.s.p.internals.StateDirectory - Using an OS temp directory in the state.dir property can cause failures with writing the checkpoint file due to the fact that this directory can be cleared by the OS. Resolved state.dir: [C:\Users\hainh\AppData\Local\Temp\\kafka-streams]
14/08/2025 11:30:26.377 [Test worker] ERROR o.a.k.s.p.internals.StateDirectory - Failed to change permissions for the directory C:\Users\hainh\AppData\Local\Temp\kafka-streams
14/08/2025 11:30:26.377 [Test worker] ERROR o.a.k.s.p.internals.StateDirectory - Failed to change permissions for the directory C:\Users\hainh\AppData\Local\Temp\kafka-streams\test-simple-stream-processor-app
14/08/2025 11:30:26.444 [Test worker] INFO  o.a.k.s.s.i.RocksDBTimestampedStore - Opening store counts-store in regular mode
14/08/2025 11:30:26.445 [Test worker] INFO  o.a.k.s.p.i.ProcessorStateManager - topology-test-driver State store counts-store did not find checkpoint offset, hence would default to the starting offset at changelog test-simple-stream-processor-app-counts-store-changelog-0
14/08/2025 11:30:26.445 [Test worker] INFO  o.a.k.s.p.internals.StreamTask - stream-thread [Test worker] task [0_0] Initialized
14/08/2025 11:30:26.449 [Test worker] INFO  o.a.k.s.p.internals.StreamTask - stream-thread [Test worker] task [0_0] Restored and ready to run
14/08/2025 11:30:26.449 [Test worker] INFO  c.e.k.streams.SimpleStreamProcessor - Filtering: Key=key1, Value=this is an important message
14/08/2025 11:30:26.449 [Test worker] INFO  c.e.k.streams.SimpleStreamProcessor - Mapping to uppercase: this is an important message
14/08/2025 11:30:26.463 [Test worker] INFO  c.e.k.streams.SimpleStreamProcessor - Filtering: Key=key2, Value=this is a normal message
14/08/2025 11:30:26.471 [Test worker] INFO  c.e.k.streams.SimpleStreamProcessor - Filtering: Key=key3, Value=another important one
14/08/2025 11:30:26.472 [Test worker] INFO  c.e.k.streams.SimpleStreamProcessor - Mapping to uppercase: another important one
14/08/2025 11:30:26.489 [Test worker] INFO  o.a.k.s.p.internals.StreamTask - stream-thread [Test worker] task [0_0] Suspended from RUNNING
14/08/2025 11:30:26.501 [Test worker] INFO  o.a.k.s.p.i.RecordCollectorImpl - topology-test-driver Closing record collector clean
14/08/2025 11:30:26.501 [Test worker] INFO  o.a.k.s.p.internals.StreamTask - stream-thread [Test worker] task [0_0] Closed clean
14/08/2025 11:30:26.502 [Test worker] INFO  o.a.k.s.p.internals.StateDirectory - stream-thread [Test worker] Deleting task directory 0_0 for 0_0 as user calling cleanup.
14/08/2025 11:30:26.511 [Test worker] WARN  o.a.k.s.p.internals.StateDirectory - Using an OS temp directory in the state.dir property can cause failures with writing the checkpoint file due to the fact that this directory can be cleared by the OS. Resolved state.dir: [C:\Users\hainh\AppData\Local\Temp\\kafka-streams]
14/08/2025 11:30:26.512 [Test worker] ERROR o.a.k.s.p.internals.StateDirectory - Failed to change permissions for the directory C:\Users\hainh\AppData\Local\Temp\kafka-streams
14/08/2025 11:30:26.512 [Test worker] ERROR o.a.k.s.p.internals.StateDirectory - Failed to change permissions for the directory C:\Users\hainh\AppData\Local\Temp\kafka-streams\test-simple-stream-processor-app
14/08/2025 11:30:26.577 [Test worker] INFO  o.a.k.s.s.i.RocksDBTimestampedStore - Opening store counts-store in regular mode
14/08/2025 11:30:26.577 [Test worker] INFO  o.a.k.s.p.i.ProcessorStateManager - topology-test-driver State store counts-store did not find checkpoint offset, hence would default to the starting offset at changelog test-simple-stream-processor-app-counts-store-changelog-0
14/08/2025 11:30:26.577 [Test worker] INFO  o.a.k.s.p.internals.StreamTask - stream-thread [Test worker] task [0_0] Initialized
14/08/2025 11:30:26.581 [Test worker] INFO  o.a.k.s.p.internals.StreamTask - stream-thread [Test worker] task [0_0] Restored and ready to run
14/08/2025 11:30:26.582 [Test worker] INFO  c.e.k.streams.SimpleStreamProcessor - Filtering: Key=key1, Value=this is an important message
14/08/2025 11:30:26.582 [Test worker] INFO  c.e.k.streams.SimpleStreamProcessor - Mapping to uppercase: this is an important message
14/08/2025 11:30:26.596 [Test worker] INFO  o.a.k.s.p.internals.StreamTask - stream-thread [Test worker] task [0_0] Suspended from RUNNING
14/08/2025 11:30:26.607 [Test worker] INFO  o.a.k.s.p.i.RecordCollectorImpl - topology-test-driver Closing record collector clean
14/08/2025 11:30:26.607 [Test worker] INFO  o.a.k.s.p.internals.StreamTask - stream-thread [Test worker] task [0_0] Closed clean
14/08/2025 11:30:26.608 [Test worker] INFO  o.a.k.s.p.internals.StateDirectory - stream-thread [Test worker] Deleting task directory 0_0 for 0_0 as user calling cleanup.
]]></system-out>
  <system-err><![CDATA[]]></system-err>
</testsuite>
